queue size: 1
queue size: 51
finished 'Candace Boran' (page 1)
scraped 'Maria Aguirre' (page 1)
scraped 'Milton Axt' (page 1)
scraped 'Mary Andrews' (page 1)
scraped 'Svein Arber' (page 1)
scraped 'Barbara Blinick' (page 1)
scraped 'Breanne Benkovich' (page 1)
scraped 'Judy Branzburg' (page 1)
scraped 'Wendy S. Beck' (page 1)
finished 'Cambria Bower' (page 1)
scraped 'Michael Ambrose' (page 1)
scraped u'Cristina Ballb\xe9' (page 1)
scraped 'Diane Angst' (page 1)
scraped 'Brown' (page 1)
finished 'Nadine Arzumanova' (page 1)
scraped 'Teresa Bookwalter' (page 1)
scraped 'Erin Bird' (page 1)
finished 'Jessalyn Aaland' (page 1)
scraped 'Stephanie Bellville' (page 1)
scraped 'Doug Bullard' (page 1)
scraped 'Carole Cadoppi' (page 1)
scraped 'Jason Chan' (page 1)
scraped 'Marianella Castro' (page 1)
scraped 'James Carmack' (page 1)
scraped 'Xiaolin Chang' (page 1)
scraped 'Frederick Chinn' (page 1)
scraped 'Tom Chambers' (page 1)
scraped 'May Choi' (page 1)
scraped 'David Clark' (page 1)
finished 'Seymour But' (page 1)
scraped 'Deborah Canepa-Tencza' (page 1)
scraped 'Joan Catelli' (page 1)
scraped 'Tom Chan' (page 1)
scraped 'Staci Carney' (page 1)
scraped 'Ah-Mi Cho' (page 1)
scraped 'Catherine Christensen' (page 1)
scraped 'Bruce Cohen' (page 1)
scraped 'Bryan Cooley' (page 1)
scraped 'Gregory P. Collins' (page 1)
scraped 'Anthony Costa' (page 1)
scraped 'Thais Da Rosa' (page 1)
scraped 'Steph Crabtree' (page 1)
scraped 'Lisa Cole (Seawell)' (page 1)
scraped 'Bruce Coulter' (page 1)
finished 'Ron Credito' (page 1)
scraped 'Michael Conley' (page 1)
scraped 'Ray Cordoba' (page 1)
queue size: 92
finished 'Sarah Dean' (page 1)
scraped 'Robert Fisher' (page 1)
finished 'Linda Egbert' (page 1)
scraped 'Fleur Forcherio-shire' (page 1)
scraped 'Hans Evans' (page 1)
scraped 'Thomas Drain' (page 1)
scraped 'John Donohue' (page 1)
scraped 'Sue Devries' (page 1)
scraped 'Brian Danforth' (page 1)
finished 'Emil Deandreis' (page 1)
scraped 'Michal Dramen' (page 1)
scraped 'Elfenbein' (page 1)
scraped 'Patrick Fahey' (page 1)
scraped 'James T. Donohue' (page 1)
scraped 'Freeland' (page 1)
finished 'Fitzgerald' (page 1)
scraped 'Jeff David' (page 1)
scraped 'Scott Dickerman' (page 1)
scraped 'Rosemary Dacanay' (page 1)
scraped 'Jacqueline Delfino' (page 1)
finished 'Kroter Doug' (page 1)
finished 'Deborah Edwards' (page 1)
finished 'Sarah Fidelibus' (page 1)
scraped 'Robert Emerson' (page 1)
scraped 'Sanae Fukuda' (page 1)
scraped 'Jonathan Fong' (page 1)
scraped 'Terence Doherty' (page 1)
scraped 'Sirley De La Riarte' (page 1)
scraped 'Gloria Daffner' (page 1)
scraped 'Gwendolyn Fuller' (page 1)
finished 'Diane Angst' (page 2)
scraped 'Maria Aguirre' (page 2)
finished 'Matthew Furey' (page 1)
scraped 'Steve Granucci' (page 1)
scraped 'Cambria Gersten (Bower)' (page 1)
finished 'Gabriela Gamboa' (page 1)
scraped u'Cristina Ballb\xe9' (page 2)
scraped 'Nicole Henares' (page 1)
scraped 'Amy Hansen' (page 1)
scraped 'Michael Ambrose' (page 2)
scraped 'Svein Arber' (page 2)
scraped 'Kaiyo Funaki' (page 1)
scraped 'Wendy S. Beck' (page 2)
scraped 'Lorna Galang' (page 1)
scraped 'Jeremy Gribler' (page 1)
scraped 'Michael Harris' (page 1)
scraped 'David Hereford' (page 1)
scraped 'Benefsha Gest' (page 1)
scraped 'Milton Axt' (page 2)
scraped 'Mary Andrews' (page 2)
scraped 'Stephanie Bellville' (page 2)
scraped 'Matthew Furey' (page 1)
finished 'Phillip Gallegos' (page 1)
finished 'Thomas Geren' (page 1)
scraped 'Linda Guitron' (page 1)
scraped 'Rick Girling' (page 1)
scraped 'David Hathwell' (page 1)
scraped 'Teresa Bookwalter' (page 2)
scraped 'Breanne Benkovich' (page 2)
scraped 'Doug Bullard' (page 2)
scraped 'James Carmack' (page 2)
scraped 'Joan Catelli' (page 2)
finished 'David Clark' (page 2)
scraped 'Jason Chan' (page 2)
scraped 'Ah-Mi Cho' (page 2)
scraped 'Gregory P. Collins' (page 2)
finished 'Ray Cordoba' (page 2)
scraped 'Judy Branzburg' (page 2)
scraped 'Erin Bird' (page 2)
scraped 'Carole Cadoppi' (page 2)
scraped 'Tom Chambers' (page 2)
scraped 'Bruce Cohen' (page 2)
scraped 'May Choi' (page 2)
scraped 'Michael Conley' (page 2)
scraped 'Barbara Blinick' (page 2)
finished 'Brown' (page 2)
scraped 'Anthony Costa' (page 2)
scraped 'Staci Carney' (page 2)
scraped 'Xiaolin Chang' (page 2)
scraped 'Deborah Canepa-Tencza' (page 2)
scraped 'Tom Chan' (page 2)
scraped 'Steph Crabtree' (page 2)
scraped 'Lisa Cole (Seawell)' (page 2)
scraped 'Marianella Castro' (page 2)
scraped 'Catherine Christensen' (page 2)
scraped 'Bruce Coulter' (page 2)
scraped 'Bryan Cooley' (page 2)
scraped 'Frederick Chinn' (page 2)
scraped 'Thais Da Rosa' (page 2)
queue size: 125
scraped 'Timothy Lamarre' (page 1)
scraped 'Adee Horn' (page 1)
scraped 'Winifred Lo' (page 1)
scraped 'Lyumidia Karapetyan' (page 1)
scraped 'Nader Jazayeri' (page 1)
scraped 'Cathy Innis' (page 1)
scraped 'Ernest Li' (page 1)
scraped 'Rebecca Johnson' (page 1)
scraped 'David Leong' (page 1)
scraped 'Shawn Laureyns' (page 1)
scraped 'Andrew Ishibashi' (page 1)
finished 'Sandra Jhung' (page 1)
scraped 'Jerilyn Keyak' (page 1)
scraped 'Jing Liang' (page 1)
scraped 'Juan Lopez' (page 1)
scraped 'Wendy Jones' (page 1)
scraped 'Christine Hosoda' (page 1)
finished 'Andy Leong' (page 1)
scraped 'Ray Hill' (page 1)
scraped 'Michael Lauricella' (page 1)
scraped 'Jerilyn Jank' (page 1)
finished 'Graham Knox' (page 1)
scraped 'Fred Linder' (page 1)
scraped 'Theodore Johnson' (page 1)
scraped 'Karen Joyce' (page 1)
scraped 'Yee-Chong Leung' (page 1)
scraped 'Carolyn Louie' (page 1)
scraped 'Karl Hoffman' (page 1)
finished 'Tony Lee' (page 1)
scraped 'Kirsten Janssen' (page 1)
scraped 'Christopher Hunt' (page 1)
scraped 'David Lipman' (page 1)
scraped 'Yu Li' (page 1)
scraped 'Alice Kwong-Ballard' (page 1)
scraped 'Kim Johnson' (page 1)
scraped 'Jean Kalil' (page 1)
scraped 'Kristin Lubenow' (page 1)
scraped 'Lisa Hong' (page 1)
finished 'Luis Mashek' (page 1)
scraped 'Gloria Daffner' (page 2)
scraped 'Elfenbein' (page 2)
scraped 'John Donohue' (page 2)
scraped 'Sanae Fukuda' (page 2)
scraped 'Robert Fisher' (page 2)
scraped 'Jacqueline Delfino' (page 2)
scraped 'David Mars' (page 1)
scraped 'Lorna Galang' (page 2)
scraped 'Robert Emerson' (page 2)
scraped 'Brian Danforth' (page 2)
scraped 'Jonathan Fong' (page 2)
scraped 'James T. Donohue' (page 2)
scraped 'Gwendolyn Fuller' (page 2)
scraped 'Sue Devries' (page 2)
scraped 'Cambria Gersten (Bower)' (page 2)
finished 'Kathryne Mason' (page 1)
scraped 'Matthew Magsanay' (page 1)
scraped 'Bryan Marten' (page 1)
scraped 'Hans Evans' (page 2)
finished 'Fleur Forcherio-shire' (page 2)
scraped 'Kaiyo Funaki' (page 2)
scraped 'Thomas Drain' (page 2)
scraped 'Jeff David' (page 2)
scraped 'Scott Dickerman' (page 2)
scraped 'Benefsha Gest' (page 2)
scraped 'Sharn Matusek' (page 1)
scraped 'Anthony Mana' (page 1)
scraped 'Thomas Martin' (page 1)
finished 'Michal Dramen' (page 2)
scraped 'Patrick Fahey' (page 2)
finished 'Freeland' (page 2)
scraped 'Matthew Furey' (page 2)
scraped 'Sirley De La Riarte' (page 2)
scraped 'Terence Doherty' (page 2)
scraped 'Rick Girling' (page 2)
scraped 'Rosemary Dacanay' (page 2)
scraped 'Victoria Maquinana' (page 1)
finished 'Sister Mary Goliath' (page 1)
finished 'Maria Aguirre' (page 3)
scraped 'Steve Granucci' (page 2)
finished 'Michael Harris' (page 2)
scraped 'Milton Axt' (page 3)
scraped 'Judy Branzburg' (page 3)
scraped 'Breanne Benkovich' (page 3)
scraped 'James Carmack' (page 3)
scraped 'Tom Chambers' (page 3)
scraped 'Frederick Chinn' (page 3)
scraped 'Bruce Cohen' (page 3)
scraped 'Michael Ambrose' (page 3)
scraped 'Jeremy Gribler' (page 2)
scraped 'David Hathwell' (page 2)
scraped 'Doug Bullard' (page 3)
scraped u'Cristina Ballb\xe9' (page 3)
scraped 'Staci Carney' (page 3)
finished 'Erin Bird' (page 3)
scraped 'Tom Chan' (page 3)
scraped 'Ah-Mi Cho' (page 3)
scraped 'Lisa Cole (Seawell)' (page 3)
finished 'Mary Andrews' (page 3)
scraped 'Linda Guitron' (page 2)
scraped 'Wendy S. Beck' (page 3)
scraped 'Carole Cadoppi' (page 3)
scraped 'Nicole Henares' (page 2)
finished 'Marianella Castro' (page 3)
finished 'Jason Chan' (page 3)
scraped 'Barbara Blinick' (page 3)
finished 'May Choi' (page 3)
scraped 'Gregory P. Collins' (page 3)
scraped 'Svein Arber' (page 3)
scraped 'Amy Hansen' (page 2)
finished 'Joan Catelli' (page 3)
scraped 'David Hereford' (page 2)
scraped 'Stephanie Bellville' (page 3)
scraped 'Deborah Canepa-Tencza' (page 3)
scraped 'Xiaolin Chang' (page 3)
scraped 'Teresa Bookwalter' (page 3)
scraped 'Bryan Cooley' (page 3)
scraped 'Catherine Christensen' (page 3)
scraped 'Michael Conley' (page 3)
scraped 'Thais Da Rosa' (page 3)
scraped 'Anthony Costa' (page 3)
scraped 'Bruce Coulter' (page 3)
scraped 'Steph Crabtree' (page 3)
queue size: 155
scraped 'Naomi Okada' (page 1)
scraped 'Katherine Melvin' (page 1)
scraped 'Mary Lynn Pinocci' (page 1)
scraped 'Amelia Nevis' (page 1)
scraped 'Jennifer Moffitt' (page 1)
scraped 'Matthew Prophet' (page 1)
scraped 'Mudge' (page 1)
scraped 'Nahleen Pang' (page 1)
finished 'Molly Michaelis' (page 1)
finished 'Panosian' (page 1)
scraped 'Julian Pollak' (page 1)
scraped 'Brian Okita' (page 1)
scraped 'Norman Nager' (page 1)
scraped 'Cy Prothro' (page 1)
scraped 'Marissa McClish' (page 1)
scraped 'Janee Montelongo' (page 1)
scraped 'Christopher Newhouse' (page 1)
finished 'Morris' (page 1)
finished 'Diane Price' (page 1)
scraped 'Adam Michels' (page 1)
finished 'Jenol McLinn' (page 1)
finished 'Christian Nelson' (page 1)
scraped 'Ms. Petrini' (page 1)
scraped 'Doug Morales' (page 1)
scraped 'Dorothy Ong' (page 1)
scraped 'Carolyn Nickels' (page 1)
scraped 'Michael Prutz' (page 1)
scraped 'Margaret Mitchell' (page 1)
finished 'Genna Pinnick' (page 1)
scraped 'Curtis Meitz' (page 1)scraped 'Priddy' (page 1)

scraped 'Laura Neri' (page 1)
scraped 'Benito Nogara' (page 1)
scraped 'Gale Ow' (page 1)
scraped 'Annie Puretz' (page 1)
scraped 'Morehen' (page 1)
finished 'Muccelli' (page 1)
scraped 'Karl Hoffman' (page 2)
scraped 'Christopher Hunt' (page 2)
scraped 'Rebecca Johnson' (page 2)
scraped 'Shawn Laureyns' (page 2)
scraped 'Lyumidia Karapetyan' (page 2)
scraped 'Kirsten Janssen' (page 2)
scraped 'Chuck Raznikov' (page 1)
scraped 'Daniel Quach' (page 1)
scraped 'Bryan Ritter' (page 1)
scraped 'Yu Li' (page 2)
scraped 'Cathy Innis' (page 2)
scraped 'Lisa Hong' (page 2)
scraped 'Michael Lauricella' (page 2)
scraped 'Wendy Jones' (page 2)
scraped 'Nader Jazayeri' (page 2)
scraped 'Jerilyn Keyak' (page 2)
scraped 'Sydney Recht' (page 1)
scraped 'Maria Rode' (page 1)
scraped 'Robert Ray' (page 1)
scraped 'Ernest Li' (page 2)
finished 'Adee Horn' (page 2)
scraped 'Andrew Ishibashi' (page 2)
scraped 'David Leong' (page 2)
scraped 'Alice Kwong-Ballard' (page 2)
scraped 'Theodore Johnson' (page 2)
scraped 'Karen Joyce' (page 2)
finished 'Jing Liang' (page 2)
scraped 'Ellen Reller' (page 1)
scraped 'Elizabeth Rogers' (page 1)
finished 'Taylor Ray' (page 1)
scraped 'Christine Hosoda' (page 2)
scraped 'Jerilyn Jank' (page 2)
scraped 'Yee-Chong Leung' (page 2)
scraped 'Timothy Lamarre' (page 2)
scraped 'Kim Johnson' (page 2)
scraped 'Jean Kalil' (page 2)
finished 'Fred Linder' (page 2)
finished 'Rosemary Dacanay' (page 3)
scraped 'Ray Hill' (page 2)
scraped 'Sirley De La Riarte' (page 3)
scraped 'David Mars' (page 2)
scraped 'Kristin Lubenow' (page 2)
scraped 'David Lipman' (page 2)
scraped 'Terence Doherty' (page 3)
scraped 'John Raya' (page 1)
scraped 'Jeff Reynolds' (page 1)
scraped 'Gloria Daffner' (page 3)
scraped 'Elfenbein' (page 3)
scraped 'Matthew Magsanay' (page 2)
scraped 'John Donohue' (page 3)scraped 'Winifred Lo' (page 2)

scraped 'Bryan Marten' (page 2)
scraped 'Robert Fisher' (page 3)
scraped 'Jacqueline Delfino' (page 3)
finished 'Kaiyo Funaki' (page 3)
scraped 'Benefsha Gest' (page 3)
scraped 'Robert Emerson' (page 3)
scraped 'Brian Danforth' (page 3)
scraped 'Anthony Mana' (page 2)
scraped 'James T. Donohue' (page 3)
scraped 'Juan Lopez' (page 2)
scraped 'Jonathan Fong' (page 3)
scraped 'Sue Devries' (page 3)
scraped 'Thomas Martin' (page 2)
scraped 'Matthew Furey' (page 3)
scraped 'Rick Girling' (page 3)
finished 'Sanae Fukuda' (page 3)
scraped 'Jeff David' (page 3)
scraped 'Thomas Drain' (page 3)
scraped 'Hans Evans' (page 3)
scraped 'Victoria Maquinana' (page 2)
scraped 'Scott Dickerman' (page 3)
scraped 'Carolyn Louie' (page 2)
scraped 'Sharn Matusek' (page 2)
scraped 'Lorna Galang' (page 3)
scraped 'Steve Granucci' (page 3)
finished 'Linda Guitron' (page 3)
scraped 'Gwendolyn Fuller' (page 3)
scraped 'Barbara Blinick' (page 4)
scraped 'David Hereford' (page 3)
scraped 'Patrick Fahey' (page 3)
scraped u'Cristina Ballb\xe9' (page 4)
scraped 'Carole Cadoppi' (page 4)
scraped 'Cambria Gersten (Bower)' (page 3)
scraped 'Tom Chambers' (page 4)
finished 'Gregory P. Collins' (page 4)
scraped 'Tom Chan' (page 4)
scraped 'Ah-Mi Cho' (page 4)
scraped 'Deborah Canepa-Tencza' (page 4)
scraped 'Jeremy Gribler' (page 3)
scraped 'Michael Ambrose' (page 4)
scraped 'Teresa Bookwalter' (page 4)
scraped 'Amy Hansen' (page 3)
scraped 'Wendy S. Beck' (page 4)scraped 'Bruce Coulter' (page 4)

scraped 'Michael Conley' (page 4)
finished 'Steph Crabtree' (page 4)
scraped 'Catherine Christensen' (page 4)
scraped 'James Carmack' (page 4)
scraped 'Svein Arber' (page 4)
scraped 'Judy Branzburg' (page 4)
scraped 'Xiaolin Chang' (page 4)
scraped 'David Hathwell' (page 3)
scraped 'Stephanie Bellville' (page 4)
scraped 'Thais Da Rosa' (page 4)
scraped 'Staci Carney' (page 4)
scraped 'Nicole Henares' (page 3)
scraped 'Bruce Cohen' (page 4)
scraped 'Bryan Cooley' (page 4)
scraped 'Doug Bullard' (page 4)
finished 'Frederick Chinn' (page 4)
scraped 'Milton Axt' (page 4)
scraped 'Breanne Benkovich' (page 4)
scraped 'Lisa Cole (Seawell)' (page 4)
scraped 'Anthony Costa' (page 4)
queue size: 184
finished 'Elizabeth Sutch' (page 1)
scraped 'Tana Siebert' (page 1)
scraped 'Jeffrey Yang' (page 1)
scraped 'John Ryland' (page 1)
scraped 'Tarun Seth' (page 1)
scraped 'Anna Slavicek' (page 1)
scraped 'Jason Tuason' (page 1)
scraped 'Laura Telep' (page 1)
scraped 'Mark Wenning' (page 1)
scraped 'Francisco Rosales' (page 1)
scraped 'Dacotah Swett' (page 1)
finished 'Lee Silverstein' (page 1)
finished 'Julio Sanchez' (page 1)
scraped 'Ivan Yee' (page 1)
scraped 'James Spellicy' (page 1)
scraped 'Richard Shapiro' (page 1)
scraped 'Ken Tray' (page 1)
scraped 'Samuel Williams' (page 1)
finished 'James Rosenheim' (page 1)
scraped 'Sylvester' (page 1)
scraped 'Meredith Santiago' (page 1)
scraped 'Michael Yi' (page 1)
scraped 'Arthur Simon' (page 1)
scraped 'Michelle Trimble' (page 1)
scraped 'Michele Winter' (page 1)
scraped 'William Steele' (page 1)
finished 'Alison Shepard' (page 1)
scraped 'Heather Wade' (page 1)
scraped 'Dennis Ross' (page 1)
scraped 'Wilson Sinn' (page 1)
scraped 'Steve Schmidt' (page 1)
scraped 'Kiyoko Takemoto' (page 1)
scraped 'Miyuki Yoshimura' (page 1)
finished 'Mary Streshly' (page 1)
scraped 'Steve Shimmon' (page 1)
scraped 'Randolph Tsang' (page 1)
scraped 'Maryann Wold' (page 1)
scraped 'Mitchell Wagner' (page 1)
scraped 'Katrina Rotter' (page 1)
scraped 'Sasha Taylor-Ray' (page 1)
scraped 'Uri Skowronski' (page 1)
scraped 'Samantha Yu.' (page 1)
scraped 'Alexander Schwarz' (page 1)
scraped 'Sandra Shure' (page 1)
finished 'Tse' (page 1)
scraped 'Kevin Sullivan' (page 1)
scraped 'Larry Warshaw' (page 1)
scraped 'Monty Worth' (page 1)
scraped 'David Yuan' (page 1)
scraped 'Margaret Mitchell' (page 2)
scraped 'Carolyn Nickels' (page 2)
scraped 'Gale Ow' (page 2)
scraped 'Mudge' (page 2)
finished 'Daniel Quach' (page 2)
scraped 'Priddy' (page 2)
scraped 'Ellen Reller' (page 2)
scraped 'Ray Hill' (page 3)
scraped 'Cathy Innis' (page 3)
scraped 'Marissa McClish' (page 2)
scraped 'Jennifer Moffitt' (page 2)
scraped 'Nahleen Pang' (page 2)scraped 'Benito Nogara' (page 2)

scraped 'Norman Nager' (page 2)
scraped 'Robert Ray' (page 2)
scraped 'Matthew Prophet' (page 2)
scraped 'Jeff Reynolds' (page 2)
scraped 'Karl Hoffman' (page 3)
scraped 'Andrew Ishibashi' (page 3)
scraped 'Curtis Meitz' (page 2)
finished 'Janee Montelongo' (page 2)
scraped 'Katherine Melvin' (page 2)
scraped 'Bryan Ritter' (page 2)
scraped 'Jerilyn Jank' (page 3)
finished 'Ms. Petrini' (page 2)
scraped 'Lisa Hong' (page 3)
scraped 'Naomi Okada' (page 2)
scraped 'Cy Prothro' (page 2)
scraped 'John Raya' (page 2)
scraped 'Laura Neri' (page 2)
scraped 'Doug Morales' (page 2)
scraped 'Adam Michels' (page 2)
scraped 'Maria Rode' (page 2)
scraped 'Brian Okita' (page 2)
scraped 'Mary Lynn Pinocci' (page 2)
scraped 'Chuck Raznikov' (page 2)
scraped 'Kirsten Janssen' (page 3)
scraped 'Christine Hosoda' (page 3)
scraped 'Michael Prutz' (page 2)
scraped 'Amelia Nevis' (page 2)
scraped 'Morehen' (page 2)
scraped 'Elizabeth Rogers' (page 2)
scraped 'Theodore Johnson' (page 3)
scraped 'Dorothy Ong' (page 2)
scraped 'Julian Pollak' (page 2)
scraped 'Christopher Hunt' (page 3)
scraped 'Sydney Recht' (page 2)
scraped 'Nader Jazayeri' (page 3)
scraped 'Christopher Newhouse' (page 2)
scraped 'Annie Puretz' (page 2)
scraped 'Jean Kalil' (page 3)
scraped 'Shawn Laureyns' (page 3)
finished 'Kristin Lubenow' (page 3)
scraped 'Kim Johnson' (page 3)
scraped 'Ernest Li' (page 3)
scraped 'Jeff David' (page 4)
scraped 'Bryan Marten' (page 3)
scraped 'Robert Emerson' (page 4)
scraped 'Terence Doherty' (page 4)
scraped 'Gwendolyn Fuller' (page 4)
scraped 'Lyumidia Karapetyan' (page 3)
finished 'Michael Lauricella' (page 3)
finished 'Rebecca Johnson' (page 3)
scraped 'Matthew Magsanay' (page 3)
scraped 'Sirley De La Riarte' (page 4)scraped 'David Lipman' (page 3)

scraped 'Hans Evans' (page 4)
scraped 'Matthew Furey' (page 4)
scraped 'Thomas Martin' (page 3)
scraped 'John Donohue' (page 4)
scraped 'Jerilyn Keyak' (page 3)
scraped 'David Leong' (page 3)
scraped 'Anthony Mana' (page 3)
scraped 'Wendy Jones' (page 3)
scraped 'Winifred Lo' (page 3)
scraped 'Jacqueline Delfino' (page 4)
scraped 'Patrick Fahey' (page 4)
scraped 'James T. Donohue' (page 4)
scraped 'Sharn Matusek' (page 3)
scraped 'Lorna Galang' (page 4)
scraped 'Alice Kwong-Ballard' (page 3)
scraped 'Victoria Maquinana' (page 3)
scraped 'Yee-Chong Leung' (page 3)
scraped 'Karen Joyce' (page 3)
scraped 'Juan Lopez' (page 3)
scraped 'Sue Devries' (page 4)
scraped 'Thomas Drain' (page 4)
scraped 'Robert Fisher' (page 4)
scraped 'Cambria Gersten (Bower)' (page 4)
scraped 'Gloria Daffner' (page 4)
finished 'David Mars' (page 3)
scraped 'Yu Li' (page 3)
scraped 'Timothy Lamarre' (page 3)
scraped 'Carolyn Louie' (page 3)
scraped 'Rick Girling' (page 4)
finished 'Elfenbein' (page 4)
scraped 'Scott Dickerman' (page 4)
scraped 'Jonathan Fong' (page 4)
scraped 'Benefsha Gest' (page 4)
scraped 'Brian Danforth' (page 4)
scraped 'Nicole Henares' (page 4)
scraped u'Cristina Ballb\xe9' (page 5)
scraped 'Teresa Bookwalter' (page 5)
scraped 'Steve Granucci' (page 4)
scraped 'James Carmack' (page 5)
scraped 'Bryan Cooley' (page 5)
scraped 'Ah-Mi Cho' (page 5)
scraped 'Judy Branzburg' (page 5)
scraped 'Jeremy Gribler' (page 4)
scraped 'Staci Carney' (page 5)
scraped 'Anthony Costa' (page 5)
scraped 'David Hereford' (page 4)
scraped 'Wendy S. Beck' (page 5)scraped 'Catherine Christensen' (page 5)

scraped 'Amy Hansen' (page 4)
scraped 'Michael Ambrose' (page 5)
scraped 'Doug Bullard' (page 5)
scraped 'Bruce Coulter' (page 5)
scraped 'Bruce Cohen' (page 5)
scraped 'Stephanie Bellville' (page 5)
scraped 'Tom Chambers' (page 5)
scraped 'David Hathwell' (page 4)
scraped 'Svein Arber' (page 5)
scraped 'Carole Cadoppi' (page 5)
scraped 'Breanne Benkovich' (page 5)
scraped 'Thais Da Rosa' (page 5)
scraped 'Lisa Cole (Seawell)' (page 5)
scraped 'Tom Chan' (page 5)
scraped 'Deborah Canepa-Tencza' (page 5)
scraped 'Barbara Blinick' (page 5)
finished 'Michael Conley' (page 5)
scraped 'Milton Axt' (page 5)
scraped 'Xiaolin Chang' (page 5)
queue size: 168
finished 'Michael Yi' (page 2)
scraped 'Michele Winter' (page 2)
scraped 'Wilson Sinn' (page 2)
scraped 'Richard Shapiro' (page 2)
scraped 'Curtis Meitz' (page 3)
scraped 'John Ryland' (page 2)
scraped 'Laura Telep' (page 2)
scraped 'Kevin Sullivan' (page 2)
scraped 'Heather Wade' (page 2)
scraped 'Elizabeth Zamboldi' (page 1)
finished 'Miyuki Yoshimura' (page 2)
scraped 'Dacotah Swett' (page 2)
scraped 'Ken Tray' (page 2)
scraped 'Uri Skowronski' (page 2)
scraped 'Maryann Wold' (page 2)
scraped 'Steve Shimmon' (page 2)
scraped 'Meredith Santiago' (page 2)
scraped 'Mitchell Wagner' (page 2)
scraped 'Katherine Melvin' (page 3)
finished 'Franklin Zawacki' (page 1)
finished 'Samantha Yu.' (page 2)
scraped 'Adam Michels' (page 3)
scraped 'Sandra Shure' (page 2)
scraped 'Anna Slavicek' (page 2)
scraped 'Steve Schmidt' (page 2)
scraped 'Sylvester' (page 2)
scraped 'Larry Warshaw' (page 2)
scraped 'Monty Worth' (page 2)
scraped 'Michelle Trimble' (page 2)
scraped 'Francisco Rosales' (page 2)
scraped 'David Yuan' (page 2)
finished 'Randolph Tsang' (page 2)
finished 'Jeffrey Yang' (page 2)
scraped 'Tana Siebert' (page 2)
scraped 'Mark Wenning' (page 2)
scraped 'James Spellicy' (page 2)
scraped 'Kiyoko Takemoto' (page 2)
finished 'Dennis Ross' (page 2)
scraped 'Margaret Mitchell' (page 3)
scraped 'Alexander Schwarz' (page 2)
scraped 'Marissa McClish' (page 3)
scraped 'William Steele' (page 2)
scraped 'Jason Tuason' (page 2)
scraped 'Arthur Simon' (page 2)
scraped 'Ivan Yee' (page 2)
scraped 'Jennifer Moffitt' (page 3)
scraped 'Katrina Rotter' (page 2)
scraped 'Sasha Taylor-Ray' (page 2)
scraped 'Tarun Seth' (page 2)
scraped 'Samuel Williams' (page 2)
scraped 'Doug Morales' (page 3)
finished 'Amelia Nevis' (page 3)
scraped 'Brian Okita' (page 3)
scraped 'Annie Puretz' (page 3)
scraped 'Julian Pollak' (page 3)
scraped 'Cathy Innis' (page 4)
scraped 'Ray Hill' (page 4)
scraped 'Ellen Reller' (page 3)
scraped 'Theodore Johnson' (page 4)
scraped 'Morehen' (page 3)
scraped 'Lyumidia Karapetyan' (page 4)
scraped 'Dorothy Ong' (page 3)
scraped 'Christopher Newhouse' (page 3)
scraped 'Andrew Ishibashi' (page 4)
scraped 'Robert Ray' (page 3)
scraped 'Priddy' (page 3)
scraped 'Karl Hoffman' (page 4)
scraped 'Kim Johnson' (page 4)
scraped 'Jeff Reynolds' (page 3)
scraped 'Jerilyn Keyak' (page 4)
scraped 'Mudge' (page 3)
scraped 'Carolyn Nickels' (page 3)
scraped 'Gale Ow' (page 3)
scraped 'Bryan Ritter' (page 3)
scraped 'Lisa Hong' (page 4)scraped 'John Raya' (page 3)

scraped 'Alice Kwong-Ballard' (page 4)
scraped 'Matthew Prophet' (page 3)
scraped 'Norman Nager' (page 3)
scraped 'Jerilyn Jank' (page 4)
scraped 'Wendy Jones' (page 4)
scraped 'Benito Nogara' (page 3)
scraped 'Nahleen Pang' (page 3)
scraped 'Maria Rode' (page 3)
scraped 'Timothy Lamarre' (page 4)
scraped 'Christine Hosoda' (page 4)
scraped 'Laura Neri' (page 3)
scraped 'Chuck Raznikov' (page 3)
scraped 'Kirsten Janssen' (page 4)
scraped 'Cy Prothro' (page 3)
scraped 'Karen Joyce' (page 4)
scraped 'Naomi Okada' (page 3)
scraped 'Mary Lynn Pinocci' (page 3)
scraped 'Christopher Hunt' (page 4)
scraped 'David Leong' (page 4)
scraped 'Shawn Laureyns' (page 4)
scraped 'Elizabeth Rogers' (page 3)
scraped 'Jean Kalil' (page 4)
scraped 'Sydney Recht' (page 3)
scraped 'Nader Jazayeri' (page 4)
scraped 'Michael Prutz' (page 3)
scraped 'Winifred Lo' (page 4)
scraped 'Victoria Maquinana' (page 4)
finished 'Yee-Chong Leung' (page 4)
scraped 'Brian Danforth' (page 5)
scraped 'Scott Dickerman' (page 5)
scraped 'Robert Emerson' (page 5)
scraped 'Gwendolyn Fuller' (page 5)
scraped 'Nicole Henares' (page 5)
scraped u'Cristina Ballb\xe9' (page 6)
scraped 'Rick Girling' (page 5)
finished 'Juan Lopez' (page 4)
scraped 'Bryan Marten' (page 4)
finished 'Jeff David' (page 5)
scraped 'Yu Li' (page 4)
scraped 'Terence Doherty' (page 5)
scraped 'Hans Evans' (page 5)
finished 'David Hereford' (page 5)
scraped 'Matthew Furey' (page 5)
scraped 'Wendy S. Beck' (page 6)
scraped 'Steve Granucci' (page 5)
scraped 'Carolyn Louie' (page 4)
scraped 'Thomas Martin' (page 4)
scraped 'Sirley De La Riarte' (page 5)
scraped 'Ernest Li' (page 4)
scraped 'John Donohue' (page 5)
scraped 'Michael Ambrose' (page 6)
scraped 'Patrick Fahey' (page 5)
scraped 'Lorna Galang' (page 5)
scraped 'Jeremy Gribler' (page 5)
scraped 'Stephanie Bellville' (page 6)
scraped 'Matthew Magsanay' (page 4)
scraped 'Sharn Matusek' (page 4)
scraped 'David Lipman' (page 4)
finished 'Breanne Benkovich' (page 6)
scraped 'Robert Fisher' (page 5)
scraped 'Gloria Daffner' (page 5)
scraped 'Svein Arber' (page 6)
scraped 'James T. Donohue' (page 5)
scraped 'Jacqueline Delfino' (page 5)
scraped 'Cambria Gersten (Bower)' (page 5)
scraped 'Anthony Mana' (page 4)
scraped 'Amy Hansen' (page 5)
scraped 'Teresa Bookwalter' (page 6)
finished 'Barbara Blinick' (page 6)
scraped 'Thomas Drain' (page 5)
scraped 'Sue Devries' (page 5)
scraped 'James Carmack' (page 6)
scraped 'Jonathan Fong' (page 5)
scraped 'Milton Axt' (page 6)
scraped 'Ah-Mi Cho' (page 6)
scraped 'Benefsha Gest' (page 5)
scraped 'David Hathwell' (page 5)
scraped 'Anthony Costa' (page 6)
scraped 'Judy Branzburg' (page 6)
scraped 'Staci Carney' (page 6)
scraped 'Catherine Christensen' (page 6)
scraped 'Bruce Coulter' (page 6)
scraped 'Doug Bullard' (page 6)
scraped 'Tom Chambers' (page 6)
scraped 'Bruce Cohen' (page 6)
scraped 'Thais Da Rosa' (page 6)
scraped 'Carole Cadoppi' (page 6)
scraped 'Lisa Cole (Seawell)' (page 6)
scraped 'Tom Chan' (page 6)
scraped 'Bryan Cooley' (page 6)
scraped 'Deborah Canepa-Tencza' (page 6)
scraped 'Xiaolin Chang' (page 6)
queue size: 154
scraped 'James Spellicy' (page 3)
scraped 'Meredith Santiago' (page 3)
finished 'Ken Tray' (page 3)
scraped 'Sylvester' (page 3)
scraped 'Michele Winter' (page 3)
scraped 'Richard Shapiro' (page 3)
scraped 'Elizabeth Zamboldi' (page 2)
scraped 'Arthur Simon' (page 3)
scraped 'Mitchell Wagner' (page 3)
scraped 'William Steele' (page 3)
scraped 'Kiyoko Takemoto' (page 3)
scraped 'Michelle Trimble' (page 3)
scraped 'Wilson Sinn' (page 3)
scraped 'Steve Schmidt' (page 3)
scraped 'Maryann Wold' (page 3)
scraped 'Steve Shimmon' (page 3)
scraped 'Francisco Rosales' (page 3)
scraped 'Larry Warshaw' (page 3)
scraped 'Kevin Sullivan' (page 3)
scraped 'Jason Tuason' (page 3)
scraped 'Uri Skowronski' (page 3)
scraped 'Katrina Rotter' (page 3)
scraped 'Sasha Taylor-Ray' (page 3)
scraped 'Alexander Schwarz' (page 3)
scraped 'Monty Worth' (page 3)
scraped 'Mark Wenning' (page 3)
scraped 'Sandra Shure' (page 3)
scraped 'Dacotah Swett' (page 3)
scraped 'Heather Wade' (page 3)
finished 'Tarun Seth' (page 3)
finished 'Tana Siebert' (page 3)
scraped 'Anna Slavicek' (page 3)
scraped 'Laura Telep' (page 3)
scraped 'Ivan Yee' (page 3)
scraped 'Samuel Williams' (page 3)
scraped 'John Ryland' (page 3)
finished 'Morehen' (page 4)
scraped 'Adam Michels' (page 4)
scraped 'Brian Okita' (page 4)
scraped 'John Raya' (page 4)
scraped 'Christopher Newhouse' (page 4)
scraped 'Mary Lynn Pinocci' (page 4)
scraped 'Cy Prothro' (page 4)
scraped 'David Yuan' (page 3)
scraped 'Jeff Reynolds' (page 4)
scraped 'Ray Hill' (page 5)
finished 'Mudge' (page 4)
scraped 'Margaret Mitchell' (page 4)
scraped 'Dorothy Ong' (page 4)
scraped 'Chuck Raznikov' (page 4)
scraped 'Michael Prutz' (page 4)
scraped 'Carolyn Nickels' (page 4)
scraped 'Marissa McClish' (page 4)
scraped 'Julian Pollak' (page 4)
scraped 'Karl Hoffman' (page 5)
scraped 'Bryan Ritter' (page 4)
scraped 'Norman Nager' (page 4)
scraped 'Jennifer Moffitt' (page 4)
scraped 'Gale Ow' (page 4)
scraped 'Sydney Recht' (page 4)
scraped 'Benito Nogara' (page 4)
scraped 'Annie Puretz' (page 4)
scraped 'Lisa Hong' (page 5)
scraped 'Curtis Meitz' (page 4)
scraped 'Maria Rode' (page 4)
scraped 'Priddy' (page 4)
scraped 'Laura Neri' (page 4)
scraped 'Nahleen Pang' (page 4)
scraped 'Doug Morales' (page 4)
finished 'Ellen Reller' (page 4)
scraped 'Robert Ray' (page 4)
scraped 'Christine Hosoda' (page 5)
scraped 'Naomi Okada' (page 4)
scraped 'Matthew Prophet' (page 4)
scraped 'Elizabeth Rogers' (page 4)
scraped 'Katherine Melvin' (page 4)
scraped 'Christopher Hunt' (page 5)
finished 'Kirsten Janssen' (page 5)
scraped 'Wendy Jones' (page 5)
finished 'David Leong' (page 5)
scraped 'Victoria Maquinana' (page 5)
scraped 'Winifred Lo' (page 5)
scraped 'Jerilyn Keyak' (page 5)
scraped 'Sue Devries' (page 6)
scraped 'Gloria Daffner' (page 6)
scraped 'Carolyn Louie' (page 5)
scraped 'Cathy Innis' (page 5)
scraped 'Alice Kwong-Ballard' (page 5)
scraped 'James T. Donohue' (page 6)
scraped 'Yu Li' (page 5)
scraped 'Bryan Marten' (page 5)scraped 'Nader Jazayeri' (page 5)

scraped 'Scott Dickerman' (page 6)
scraped 'Karen Joyce' (page 5)
scraped 'Brian Danforth' (page 6)
scraped 'Matthew Magsanay' (page 5)
scraped 'Thomas Martin' (page 5)
scraped 'Terence Doherty' (page 6)
scraped 'Thomas Drain' (page 6)
scraped 'Timothy Lamarre' (page 5)
scraped 'Jean Kalil' (page 5)
scraped 'Ernest Li' (page 5)
scraped 'Andrew Ishibashi' (page 5)
scraped 'Theodore Johnson' (page 5)
scraped 'Sirley De La Riarte' (page 6)
scraped 'Sharn Matusek' (page 5)
scraped 'Lyumidia Karapetyan' (page 5)
scraped 'John Donohue' (page 6)
finished 'Robert Emerson' (page 6)
scraped 'Jerilyn Jank' (page 5)
scraped 'Kim Johnson' (page 5)
scraped 'Anthony Mana' (page 5)scraped 'David Lipman' (page 5)

finished 'Jacqueline Delfino' (page 6)
scraped 'Shawn Laureyns' (page 5)
finished 'Matthew Furey' (page 6)
scraped 'Rick Girling' (page 6)
scraped 'Hans Evans' (page 6)
scraped 'Patrick Fahey' (page 6)
scraped 'David Hathwell' (page 6)
scraped 'Teresa Bookwalter' (page 7)
scraped 'Deborah Canepa-Tencza' (page 7)
scraped 'Milton Axt' (page 7)
scraped 'Tom Chan' (page 7)
scraped 'Bruce Cohen' (page 7)
scraped 'Bruce Coulter' (page 7)
scraped 'Lorna Galang' (page 6)
scraped 'Nicole Henares' (page 6)
scraped 'Steve Granucci' (page 6)
scraped 'Judy Branzburg' (page 7)
scraped u'Cristina Ballb\xe9' (page 7)
scraped 'Robert Fisher' (page 6)
finished 'Lisa Cole (Seawell)' (page 7)
scraped 'Xiaolin Chang' (page 7)
scraped 'James Carmack' (page 7)
finished 'Doug Bullard' (page 7)
scraped 'Jeremy Gribler' (page 6)
scraped 'Staci Carney' (page 7)
scraped 'Thais Da Rosa' (page 7)
scraped 'Ah-Mi Cho' (page 7)
scraped 'Jonathan Fong' (page 6)
scraped 'Wendy S. Beck' (page 7)
scraped 'Bryan Cooley' (page 7)
scraped 'Cambria Gersten (Bower)' (page 6)
scraped 'Michael Ambrose' (page 7)
scraped 'Amy Hansen' (page 6)
scraped 'Gwendolyn Fuller' (page 6)
scraped 'Benefsha Gest' (page 6)
scraped 'Svein Arber' (page 7)
scraped 'Catherine Christensen' (page 7)
scraped 'Carole Cadoppi' (page 7)
scraped 'Tom Chambers' (page 7)
scraped 'Stephanie Bellville' (page 7)
scraped 'Anthony Costa' (page 7)
queue size: 141
scraped 'Heather Wade' (page 4)
finished 'Ivan Yee' (page 4)
scraped 'Uri Skowronski' (page 4)
scraped 'Steve Shimmon' (page 4)
scraped 'Sasha Taylor-Ray' (page 4)
scraped 'Katherine Melvin' (page 5)
scraped 'Elizabeth Zamboldi' (page 3)
scraped 'Samuel Williams' (page 4)
scraped 'Kevin Sullivan' (page 4)
scraped 'Meredith Santiago' (page 4)
scraped 'Sandra Shure' (page 4)
scraped 'Mitchell Wagner' (page 4)
scraped 'Laura Telep' (page 4)
scraped 'Steve Schmidt' (page 4)
scraped 'Anna Slavicek' (page 4)
scraped 'David Yuan' (page 4)
scraped 'Francisco Rosales' (page 4)
scraped 'Adam Michels' (page 5)
scraped 'Dacotah Swett' (page 4)
scraped 'Michele Winter' (page 4)
scraped 'Arthur Simon' (page 4)
scraped 'Michelle Trimble' (page 4)
scraped 'Larry Warshaw' (page 4)
scraped 'Katrina Rotter' (page 4)
scraped 'Margaret Mitchell' (page 5)
scraped 'James Spellicy' (page 4)
scraped 'Sylvester' (page 4)
scraped 'Alexander Schwarz' (page 4)
scraped 'Marissa McClish' (page 5)
scraped 'Maryann Wold' (page 4)
finished 'Curtis Meitz' (page 5)
scraped 'Jason Tuason' (page 4)
scraped 'Mark Wenning' (page 4)
scraped 'Richard Shapiro' (page 4)
scraped 'Monty Worth' (page 4)
scraped 'John Ryland' (page 4)
scraped 'William Steele' (page 4)
scraped 'Jennifer Moffitt' (page 5)
scraped 'Kiyoko Takemoto' (page 4)
scraped 'Doug Morales' (page 5)
scraped 'Julian Pollak' (page 5)
scraped 'Carolyn Nickels' (page 5)
scraped 'Dorothy Ong' (page 5)
scraped 'Wilson Sinn' (page 4)
scraped 'Michael Prutz' (page 5)
scraped 'Norman Nager' (page 5)
scraped 'Benito Nogara' (page 5)
scraped 'Gale Ow' (page 5)
scraped 'Priddy' (page 5)
scraped 'Chuck Raznikov' (page 5)
scraped 'Andrew Ishibashi' (page 6)
finished 'Maria Rode' (page 5)
scraped 'Lisa Hong' (page 6)
scraped 'Kim Johnson' (page 6)
scraped 'Annie Puretz' (page 5)
scraped 'Laura Neri' (page 5)
finished 'Matthew Prophet' (page 5)
scraped 'Nahleen Pang' (page 5)
scraped 'Naomi Okada' (page 5)
finished 'Jerilyn Jank' (page 6)
scraped 'Sydney Recht' (page 5)
scraped 'Robert Ray' (page 5)
finished 'Brian Okita' (page 5)
scraped 'Elizabeth Rogers' (page 5)
scraped 'Wendy Jones' (page 6)
scraped 'Cy Prothro' (page 5)
scraped 'Christine Hosoda' (page 6)
scraped 'Christopher Newhouse' (page 5)
scraped 'Mary Lynn Pinocci' (page 5)
scraped 'Winifred Lo' (page 6)
scraped 'Jeff Reynolds' (page 5)
scraped 'Shawn Laureyns' (page 6)
scraped 'Ray Hill' (page 6)
scraped 'Lyumidia Karapetyan' (page 6)
scraped 'John Raya' (page 5)
scraped 'Nader Jazayeri' (page 6)
scraped 'Karen Joyce' (page 6)
scraped 'Christopher Hunt' (page 6)
scraped 'Victoria Maquinana' (page 6)
scraped 'Carolyn Louie' (page 6)
scraped 'Bryan Ritter' (page 5)
scraped 'Jerilyn Keyak' (page 6)
scraped 'Gloria Daffner' (page 7)scraped 'Karl Hoffman' (page 6)

scraped 'Yu Li' (page 6)
scraped 'Jean Kalil' (page 6)
scraped 'Bryan Marten' (page 6)
scraped 'Cathy Innis' (page 6)
scraped 'Theodore Johnson' (page 6)
scraped 'Matthew Magsanay' (page 6)
scraped 'Scott Dickerman' (page 7)
scraped 'Thomas Drain' (page 7)
scraped 'Ernest Li' (page 6)
scraped 'Alice Kwong-Ballard' (page 6)
scraped 'Thomas Martin' (page 6)
scraped 'Brian Danforth' (page 7)
scraped 'Benefsha Gest' (page 7)
finished 'Amy Hansen' (page 7)
scraped 'Jonathan Fong' (page 7)
scraped 'Anthony Mana' (page 6)
scraped 'Terence Doherty' (page 7)
scraped 'David Lipman' (page 6)
scraped 'Timothy Lamarre' (page 6)
scraped 'Sharn Matusek' (page 6)
scraped 'Hans Evans' (page 7)
scraped 'David Hathwell' (page 7)
scraped 'Sirley De La Riarte' (page 7)
scraped 'Gwendolyn Fuller' (page 7)
scraped 'Rick Girling' (page 7)
scraped 'Svein Arber' (page 8)
scraped 'John Donohue' (page 7)
scraped 'Stephanie Bellville' (page 8)
scraped 'Patrick Fahey' (page 7)
scraped 'Tom Chan' (page 8)
finished 'Sue Devries' (page 7)
scraped 'Deborah Canepa-Tencza' (page 8)
scraped 'Lorna Galang' (page 7)
scraped 'Steve Granucci' (page 7)
scraped 'Nicole Henares' (page 7)
scraped 'Milton Axt' (page 8)
scraped 'James T. Donohue' (page 7)
scraped 'Teresa Bookwalter' (page 8)
finished 'Bruce Cohen' (page 8)
scraped 'Xiaolin Chang' (page 8)
scraped 'Robert Fisher' (page 7)
scraped 'James Carmack' (page 8)
scraped 'Cambria Gersten (Bower)' (page 7)
scraped 'Michael Ambrose' (page 8)
scraped 'Jeremy Gribler' (page 7)
scraped u'Cristina Ballb\xe9' (page 8)
scraped 'Thais Da Rosa' (page 8)
finished 'Judy Branzburg' (page 8)
finished 'Ah-Mi Cho' (page 8)
scraped 'Bryan Cooley' (page 8)
scraped 'Staci Carney' (page 8)
scraped 'Wendy S. Beck' (page 8)
scraped 'Catherine Christensen' (page 8)
scraped 'Tom Chambers' (page 8)
scraped 'Carole Cadoppi' (page 8)
scraped 'Anthony Costa' (page 8)
scraped 'Bruce Coulter' (page 8)
queue size: 130
finished 'Meredith Santiago' (page 5)
scraped 'David Yuan' (page 5)
scraped 'Uri Skowronski' (page 5)
scraped 'Steve Shimmon' (page 5)
scraped 'Kevin Sullivan' (page 5)
scraped 'Sasha Taylor-Ray' (page 5)
scraped 'Heather Wade' (page 5)
scraped 'Margaret Mitchell' (page 6)scraped 'Elizabeth Zamboldi' (page 4)

scraped 'Samuel Williams' (page 5)
scraped 'Steve Schmidt' (page 5)
scraped 'Mitchell Wagner' (page 5)
scraped 'Marissa McClish' (page 6)
scraped 'Anna Slavicek' (page 5)
scraped 'Sandra Shure' (page 5)
scraped 'Michele Winter' (page 5)scraped 'Jennifer Moffitt' (page 6)

scraped 'Dacotah Swett' (page 5)
scraped 'Laura Telep' (page 5)
scraped 'Francisco Rosales' (page 5)
finished 'Doug Morales' (page 6)
scraped 'Maryann Wold' (page 5)
scraped 'Larry Warshaw' (page 5)
scraped 'Katrina Rotter' (page 5)
finished 'Sylvester' (page 5)
scraped 'Michelle Trimble' (page 5)scraped 'Arthur Simon' (page 5)

scraped 'Alexander Schwarz' (page 5)
scraped 'James Spellicy' (page 5)scraped 'Katherine Melvin' (page 6)

finished 'Norman Nager' (page 6)
scraped 'Mark Wenning' (page 5)
scraped 'Monty Worth' (page 5)
scraped 'John Ryland' (page 5)
scraped 'Jason Tuason' (page 5)
scraped 'William Steele' (page 5)
scraped 'Kiyoko Takemoto' (page 5)
scraped 'Wilson Sinn' (page 5)
scraped 'Richard Shapiro' (page 5)
scraped 'Adam Michels' (page 6)
scraped 'Laura Neri' (page 6)
scraped 'Naomi Okada' (page 6)
scraped 'Mary Lynn Pinocci' (page 6)
scraped 'Michael Prutz' (page 6)
scraped 'Nader Jazayeri' (page 7)
scraped 'Chuck Raznikov' (page 6)
scraped 'Christine Hosoda' (page 7)
scraped 'Elizabeth Rogers' (page 6)
scraped 'Alice Kwong-Ballard' (page 7)
scraped 'Karen Joyce' (page 7)
scraped 'Dorothy Ong' (page 6)
scraped 'Christopher Newhouse' (page 6)
finished 'Annie Puretz' (page 6)
scraped 'Theodore Johnson' (page 7)
scraped 'Julian Pollak' (page 6)
finished 'Sydney Recht' (page 6)
scraped 'Christopher Hunt' (page 7)
scraped 'Timothy Lamarre' (page 7)
scraped 'Ray Hill' (page 7)
scraped 'Jean Kalil' (page 7)
finished 'Gale Ow' (page 6)
scraped 'Carolyn Nickels' (page 6)
scraped 'Jeff Reynolds' (page 6)
scraped 'Robert Ray' (page 6)
scraped 'Priddy' (page 6)
scraped 'Kim Johnson' (page 7)
scraped 'Karl Hoffman' (page 7)
scraped 'Cathy Innis' (page 7)
scraped 'Shawn Laureyns' (page 7)
scraped 'Lyumidia Karapetyan' (page 7)
scraped 'Nahleen Pang' (page 6)
scraped 'Benito Nogara' (page 6)
finished 'Lisa Hong' (page 7)
scraped 'Cy Prothro' (page 6)
scraped 'John Raya' (page 6)
scraped 'Bryan Ritter' (page 6)
scraped 'Wendy Jones' (page 7)
scraped 'Andrew Ishibashi' (page 7)
scraped 'Yu Li' (page 7)
scraped 'Jerilyn Keyak' (page 7)
scraped 'Ernest Li' (page 7)
scraped 'Matthew Magsanay' (page 7)
scraped 'James T. Donohue' (page 8)
scraped 'Thomas Martin' (page 7)
scraped 'Sirley De La Riarte' (page 8)
finished 'Svein Arber' (page 9)
scraped 'Robert Fisher' (page 8)
scraped 'Jeremy Gribler' (page 8)
scraped 'Cambria Gersten (Bower)' (page 8)
scraped 'Stephanie Bellville' (page 9)
scraped 'David Lipman' (page 7)
scraped 'Anthony Mana' (page 7)
finished 'Thomas Drain' (page 8)
scraped 'Sharn Matusek' (page 7)
scraped 'Scott Dickerman' (page 8)
scraped 'Milton Axt' (page 9)
scraped 'Benefsha Gest' (page 8)
scraped 'Jonathan Fong' (page 8)
scraped 'David Hathwell' (page 8)
scraped 'Teresa Bookwalter' (page 9)
scraped 'Winifred Lo' (page 7)
scraped 'Victoria Maquinana' (page 7)
scraped 'Hans Evans' (page 8)
scraped 'Gloria Daffner' (page 8)
scraped 'Terence Doherty' (page 8)
scraped 'Gwendolyn Fuller' (page 8)
scraped 'Rick Girling' (page 8)
scraped 'Nicole Henares' (page 8)
scraped u'Cristina Ballb\xe9' (page 9)
scraped 'Carole Cadoppi' (page 9)
scraped 'Carolyn Louie' (page 7)
scraped 'Bryan Marten' (page 7)
scraped 'Patrick Fahey' (page 8)
scraped 'Brian Danforth' (page 8)
scraped 'Steve Granucci' (page 8)
finished 'Bruce Coulter' (page 9)
scraped 'John Donohue' (page 8)
scraped 'Deborah Canepa-Tencza' (page 9)
scraped 'Xiaolin Chang' (page 9)
scraped 'Michael Ambrose' (page 9)
scraped 'James Carmack' (page 9)
scraped 'Wendy S. Beck' (page 9)
scraped 'Lorna Galang' (page 8)
scraped 'Thais Da Rosa' (page 9)
scraped 'Catherine Christensen' (page 9)
scraped 'Staci Carney' (page 9)
finished 'Tom Chambers' (page 9)
scraped 'Bryan Cooley' (page 9)
scraped 'Tom Chan' (page 9)
scraped 'Anthony Costa' (page 9)
queue size: 118
finished 'Jason Tuason' (page 6)
scraped 'Elizabeth Zamboldi' (page 5)
scraped 'John Ryland' (page 6)
scraped 'Michele Winter' (page 6)
scraped 'Arthur Simon' (page 6)
scraped 'Larry Warshaw' (page 6)
scraped 'Anna Slavicek' (page 6)
scraped 'Richard Shapiro' (page 6)
scraped 'Sasha Taylor-Ray' (page 6)
scraped 'Kevin Sullivan' (page 6)
scraped 'Steve Schmidt' (page 6)
scraped 'Heather Wade' (page 6)
scraped 'James Spellicy' (page 6)
scraped 'Francisco Rosales' (page 6)
scraped 'Laura Telep' (page 6)
scraped 'Steve Shimmon' (page 6)
scraped 'Mark Wenning' (page 6)scraped 'Wilson Sinn' (page 6)

scraped 'Dacotah Swett' (page 6)
scraped 'Maryann Wold' (page 6)
scraped 'Alexander Schwarz' (page 6)
scraped 'Mitchell Wagner' (page 6)
scraped 'Sandra Shure' (page 6)
scraped 'William Steele' (page 6)
scraped 'Michelle Trimble' (page 6)
scraped 'Katrina Rotter' (page 6)
finished 'Samuel Williams' (page 6)
scraped 'Uri Skowronski' (page 6)
scraped 'Kiyoko Takemoto' (page 6)
scraped 'Monty Worth' (page 6)
scraped 'David Yuan' (page 6)
scraped 'Laura Neri' (page 7)
scraped 'Adam Michels' (page 7)
scraped 'Benito Nogara' (page 7)
scraped 'Priddy' (page 7)
finished 'Robert Ray' (page 7)
scraped 'Nahleen Pang' (page 7)
scraped 'Ray Hill' (page 8)
scraped 'Jeff Reynolds' (page 7)
scraped 'Christopher Hunt' (page 8)
scraped 'Margaret Mitchell' (page 7)
scraped 'Marissa McClish' (page 7)
scraped 'Christopher Newhouse' (page 7)
finished 'Cy Prothro' (page 7)
finished 'Naomi Okada' (page 7)
finished 'John Raya' (page 7)
scraped 'Mary Lynn Pinocci' (page 7)
scraped 'Karl Hoffman' (page 8)
scraped 'Bryan Ritter' (page 7)
scraped 'Cathy Innis' (page 8)
scraped 'Katherine Melvin' (page 7)
scraped 'Jennifer Moffitt' (page 7)
scraped 'Dorothy Ong' (page 7)
scraped 'Michael Prutz' (page 7)
scraped 'Carolyn Nickels' (page 7)
scraped 'Chuck Raznikov' (page 7)
scraped 'Julian Pollak' (page 7)
scraped 'Christine Hosoda' (page 8)
scraped 'Elizabeth Rogers' (page 7)
finished 'Andrew Ishibashi' (page 8)
finished 'Carolyn Louie' (page 8)
scraped 'Lyumidia Karapetyan' (page 8)
scraped 'Wendy Jones' (page 8)
scraped 'Nader Jazayeri' (page 8)
scraped 'Timothy Lamarre' (page 8)
scraped 'Ernest Li' (page 8)
scraped 'Victoria Maquinana' (page 8)finished 'Sirley De La Riarte' (page 9)

scraped 'Sharn Matusek' (page 8)
scraped 'John Donohue' (page 9)
finished 'Karen Joyce' (page 8)
scraped 'Matthew Magsanay' (page 8)
scraped 'Jerilyn Keyak' (page 8)
scraped 'Theodore Johnson' (page 8)
scraped 'David Lipman' (page 8)
scraped 'Shawn Laureyns' (page 8)
scraped 'Bryan Marten' (page 8)
scraped 'Scott Dickerman' (page 9)
finished 'James T. Donohue' (page 9)
scraped 'Gloria Daffner' (page 9)
finished 'Jean Kalil' (page 8)
scraped 'Alice Kwong-Ballard' (page 8)
scraped 'Anthony Mana' (page 8)
scraped 'Kim Johnson' (page 8)
scraped 'Terence Doherty' (page 9)
scraped 'Winifred Lo' (page 8)
scraped 'Yu Li' (page 8)
scraped 'Thomas Martin' (page 8)
scraped 'Hans Evans' (page 9)
scraped 'Brian Danforth' (page 9)
scraped 'Patrick Fahey' (page 9)
scraped 'Benefsha Gest' (page 9)
finished 'Catherine Christensen' (page 10)
finished 'Gwendolyn Fuller' (page 9)
scraped 'Staci Carney' (page 10)
scraped 'Michael Ambrose' (page 10)
scraped 'Jeremy Gribler' (page 9)
scraped 'Thais Da Rosa' (page 10)
finished 'Carole Cadoppi' (page 10)
scraped 'Wendy S. Beck' (page 10)
finished 'Robert Fisher' (page 9)
scraped 'Rick Girling' (page 9)
finished 'Bryan Cooley' (page 10)
scraped 'Tom Chan' (page 10)
scraped 'Lorna Galang' (page 9)
scraped 'Milton Axt' (page 10)
scraped 'David Hathwell' (page 9)
scraped 'Deborah Canepa-Tencza' (page 10)
scraped 'Stephanie Bellville' (page 10)
scraped 'Jonathan Fong' (page 9)
scraped 'Steve Granucci' (page 9)
finished 'Cambria Gersten (Bower)' (page 9)
scraped 'Xiaolin Chang' (page 10)
scraped 'Anthony Costa' (page 10)
scraped u'Cristina Ballb\xe9' (page 10)
scraped 'Nicole Henares' (page 9)
scraped 'James Carmack' (page 10)
scraped 'Teresa Bookwalter' (page 10)
queue size: 100
scraped 'Richard Shapiro' (page 7)
scraped 'Kevin Sullivan' (page 7)
finished 'Heather Wade' (page 7)
scraped 'Arthur Simon' (page 7)
scraped 'Mark Wenning' (page 7)scraped 'John Ryland' (page 7)

scraped 'Anna Slavicek' (page 7)
scraped 'Monty Worth' (page 7)
scraped 'Sasha Taylor-Ray' (page 7)
scraped 'Elizabeth Zamboldi' (page 6)
scraped 'Steve Shimmon' (page 7)
scraped 'Mitchell Wagner' (page 7)
scraped 'Wilson Sinn' (page 7)
scraped 'Dacotah Swett' (page 7)
scraped 'James Spellicy' (page 7)
scraped 'Steve Schmidt' (page 7)
scraped 'David Yuan' (page 7)
scraped 'Laura Telep' (page 7)
scraped 'Michele Winter' (page 7)
scraped 'Francisco Rosales' (page 7)
scraped 'Sandra Shure' (page 7)
finished 'Marissa McClish' (page 8)
scraped 'Larry Warshaw' (page 7)
scraped 'Kiyoko Takemoto' (page 7)
scraped 'William Steele' (page 7)
scraped 'Uri Skowronski' (page 7)
scraped 'Alexander Schwarz' (page 7)
scraped 'Maryann Wold' (page 7)
scraped 'Michelle Trimble' (page 7)
scraped 'Katrina Rotter' (page 7)
scraped 'Jeff Reynolds' (page 8)
scraped 'Ray Hill' (page 9)
scraped 'Jennifer Moffitt' (page 8)
scraped 'Nahleen Pang' (page 8)
scraped 'Carolyn Nickels' (page 8)
scraped 'Christopher Hunt' (page 9)
scraped 'Lyumidia Karapetyan' (page 9)
scraped 'Theodore Johnson' (page 9)
scraped 'Priddy' (page 8)
scraped 'Katherine Melvin' (page 8)
scraped 'Benito Nogara' (page 8)
scraped 'Karl Hoffman' (page 9)scraped 'Kim Johnson' (page 9)

scraped 'Bryan Ritter' (page 8)
finished 'Cathy Innis' (page 9)
scraped 'Laura Neri' (page 8)
scraped 'Mary Lynn Pinocci' (page 8)
scraped 'Jerilyn Keyak' (page 9)
scraped 'Michael Prutz' (page 8)
scraped 'Adam Michels' (page 8)
scraped 'Wendy Jones' (page 9)
scraped 'Nader Jazayeri' (page 9)
finished 'Dorothy Ong' (page 8)
scraped 'Christine Hosoda' (page 9)
scraped 'Julian Pollak' (page 8)
scraped 'Elizabeth Rogers' (page 8)
scraped 'Christopher Newhouse' (page 8)
scraped 'Alice Kwong-Ballard' (page 9)
scraped 'Chuck Raznikov' (page 8)
scraped 'Margaret Mitchell' (page 8)
scraped 'Timothy Lamarre' (page 9)
scraped 'Matthew Magsanay' (page 9)scraped 'Ernest Li' (page 9)

scraped 'Terence Doherty' (page 10)
scraped 'Bryan Marten' (page 9)
scraped 'Patrick Fahey' (page 10)
scraped 'Gloria Daffner' (page 10)
scraped 'Benefsha Gest' (page 10)
scraped 'Jeremy Gribler' (page 10)
scraped 'Michael Ambrose' (page 11)
scraped 'Shawn Laureyns' (page 9)
scraped 'Anthony Mana' (page 9)
finished 'Thomas Martin' (page 9)
scraped 'David Lipman' (page 9)
scraped 'John Donohue' (page 10)
scraped 'Brian Danforth' (page 10)
finished 'Jonathan Fong' (page 10)
scraped 'Rick Girling' (page 10)
scraped 'David Hathwell' (page 10)
finished 'Scott Dickerman' (page 10)
scraped 'Milton Axt' (page 11)
scraped 'Winifred Lo' (page 9)
scraped 'Victoria Maquinana' (page 9)
scraped 'Yu Li' (page 9)
scraped 'Hans Evans' (page 10)
scraped 'Steve Granucci' (page 10)
scraped 'Sharn Matusek' (page 9)
scraped 'Lorna Galang' (page 10)
scraped 'Nicole Henares' (page 10)
scraped 'Wendy S. Beck' (page 11)
scraped u'Cristina Ballb\xe9' (page 11)
scraped 'Tom Chan' (page 11)
scraped 'Deborah Canepa-Tencza' (page 11)
scraped 'Thais Da Rosa' (page 11)
scraped 'Stephanie Bellville' (page 11)
finished 'James Carmack' (page 11)
scraped 'Xiaolin Chang' (page 11)
scraped 'Teresa Bookwalter' (page 11)
scraped 'Staci Carney' (page 11)
scraped 'Anthony Costa' (page 11)
queue size: 92
finished 'John Ryland' (page 8)
scraped 'Michele Winter' (page 8)
scraped 'Anna Slavicek' (page 8)
scraped 'Arthur Simon' (page 8)
scraped 'Elizabeth Zamboldi' (page 7)
scraped 'Richard Shapiro' (page 8)
scraped 'Mitchell Wagner' (page 8)
scraped 'Sasha Taylor-Ray' (page 8)
scraped 'Kevin Sullivan' (page 8)
scraped 'Steve Schmidt' (page 8)
finished 'Maryann Wold' (page 8)
scraped 'James Spellicy' (page 8)
scraped 'Laura Telep' (page 8)
scraped 'Wilson Sinn' (page 8)
scraped 'Steve Shimmon' (page 8)
scraped 'Francisco Rosales' (page 8)
scraped 'Larry Warshaw' (page 8)
scraped 'Dacotah Swett' (page 8)
scraped 'Alexander Schwarz' (page 8)
scraped 'William Steele' (page 8)
scraped 'Monty Worth' (page 8)
scraped 'Uri Skowronski' (page 8)
scraped 'Sandra Shure' (page 8)
scraped 'Michelle Trimble' (page 8)scraped 'Katrina Rotter' (page 8)

scraped 'Mark Wenning' (page 8)
scraped 'Kiyoko Takemoto' (page 8)
scraped 'Margaret Mitchell' (page 9)
scraped 'Priddy' (page 9)
scraped 'Christopher Newhouse' (page 9)
scraped 'Nahleen Pang' (page 9)
scraped 'Ray Hill' (page 10)
scraped 'Jeff Reynolds' (page 9)scraped 'Christopher Hunt' (page 10)
scraped 'Kim Johnson' (page 10)

scraped 'Jerilyn Keyak' (page 10)
finished 'Jennifer Moffitt' (page 9)
scraped 'Michael Prutz' (page 9)
scraped 'Mary Lynn Pinocci' (page 9)
scraped 'Carolyn Nickels' (page 9)
scraped 'David Yuan' (page 8)
finished 'Nader Jazayeri' (page 10)
finished 'Wendy Jones' (page 10)
scraped 'Bryan Ritter' (page 9)
scraped 'Karl Hoffman' (page 10)
scraped 'Alice Kwong-Ballard' (page 10)
scraped 'Laura Neri' (page 9)
scraped 'Julian Pollak' (page 9)
scraped 'Chuck Raznikov' (page 9)
finished 'Katherine Melvin' (page 9)
scraped 'Elizabeth Rogers' (page 9)
scraped 'Theodore Johnson' (page 10)
scraped 'Benito Nogara' (page 9)
scraped 'Christine Hosoda' (page 10)
scraped 'Lyumidia Karapetyan' (page 10)
scraped 'Timothy Lamarre' (page 10)
scraped 'Shawn Laureyns' (page 10)
scraped 'David Lipman' (page 10)
finished 'Rick Girling' (page 11)
scraped 'Adam Michels' (page 9)
scraped 'Milton Axt' (page 12)
scraped 'Anthony Mana' (page 10)
scraped 'David Hathwell' (page 11)
scraped 'Terence Doherty' (page 11)
scraped 'Sharn Matusek' (page 10)
scraped 'Patrick Fahey' (page 11)
scraped 'Yu Li' (page 10)
scraped 'Winifred Lo' (page 10)
scraped 'Victoria Maquinana' (page 10)
scraped u'Cristina Ballb\xe9' (page 12)
scraped 'Nicole Henares' (page 11)
scraped 'Lorna Galang' (page 11)
scraped 'John Donohue' (page 11)scraped 'Gloria Daffner' (page 11)

scraped 'Stephanie Bellville' (page 12)
scraped 'Steve Granucci' (page 11)
scraped 'Ernest Li' (page 10)
scraped 'Matthew Magsanay' (page 10)
scraped 'Wendy S. Beck' (page 12)
scraped 'Benefsha Gest' (page 11)
scraped 'Michael Ambrose' (page 12)
finished 'Teresa Bookwalter' (page 12)
scraped 'Hans Evans' (page 11)
scraped 'Brian Danforth' (page 11)
scraped 'Bryan Marten' (page 10)
scraped 'Jeremy Gribler' (page 11)
scraped 'Staci Carney' (page 12)
scraped 'Anthony Costa' (page 12)
scraped 'Deborah Canepa-Tencza' (page 12)
scraped 'Tom Chan' (page 12)
scraped 'Thais Da Rosa' (page 12)
scraped 'Xiaolin Chang' (page 12)
queue size: 84
scraped 'Elizabeth Zamboldi' (page 8)
scraped 'Wilson Sinn' (page 9)
scraped 'Steve Schmidt' (page 9)
scraped 'Dacotah Swett' (page 9)
scraped 'Steve Shimmon' (page 9)
finished 'Laura Telep' (page 9)
finished 'Larry Warshaw' (page 9)
scraped 'James Spellicy' (page 9)
scraped 'Monty Worth' (page 9)
scraped 'Michelle Trimble' (page 9)
scraped 'Francisco Rosales' (page 9)
scraped 'Kiyoko Takemoto' (page 9)
scraped 'Mark Wenning' (page 9)
scraped 'Alexander Schwarz' (page 9)
scraped 'William Steele' (page 9)
scraped 'David Yuan' (page 9)
scraped 'Uri Skowronski' (page 9)
scraped 'Sandra Shure' (page 9)
scraped 'Katrina Rotter' (page 9)
scraped 'Richard Shapiro' (page 9)
scraped 'Mitchell Wagner' (page 9)
scraped 'Sasha Taylor-Ray' (page 9)scraped 'Adam Michels' (page 10)

scraped 'Kevin Sullivan' (page 9)
scraped 'Michele Winter' (page 9)
scraped 'Anna Slavicek' (page 9)
finished 'Arthur Simon' (page 9)
scraped 'Michael Prutz' (page 10)
finished 'Bryan Ritter' (page 10)
scraped 'Carolyn Nickels' (page 10)
scraped 'Karl Hoffman' (page 11)
scraped 'Mary Lynn Pinocci' (page 10)
scraped 'Theodore Johnson' (page 11)
scraped 'Jerilyn Keyak' (page 11)
scraped 'David Lipman' (page 11)
scraped 'Shawn Laureyns' (page 11)
finished 'Benito Nogara' (page 10)
finished 'Elizabeth Rogers' (page 10)
scraped 'Julian Pollak' (page 10)
scraped 'Chuck Raznikov' (page 10)
scraped 'Christine Hosoda' (page 11)
scraped 'Alice Kwong-Ballard' (page 11)
scraped 'Kim Johnson' (page 11)
scraped 'Margaret Mitchell' (page 10)
scraped 'Yu Li' (page 11)
scraped 'Winifred Lo' (page 11)
finished 'Priddy' (page 10)
scraped 'Nahleen Pang' (page 10)
scraped 'Ray Hill' (page 11)
scraped 'Christopher Hunt' (page 11)
scraped 'Jeff Reynolds' (page 10)
scraped 'Timothy Lamarre' (page 11)
scraped 'Lyumidia Karapetyan' (page 11)
finished 'Matthew Magsanay' (page 11)
scraped 'Laura Neri' (page 10)
scraped 'Ernest Li' (page 11)
finished 'Terence Doherty' (page 12)
scraped 'Anthony Mana' (page 11)
scraped 'Sharn Matusek' (page 11)
scraped 'Patrick Fahey' (page 12)
scraped 'Nicole Henares' (page 12)
scraped 'Steve Granucci' (page 12)
scraped u'Cristina Ballb\xe9' (page 13)
scraped 'Deborah Canepa-Tencza' (page 13)
scraped 'Xiaolin Chang' (page 13)
scraped 'Christopher Newhouse' (page 10)
finished 'John Donohue' (page 12)
scraped 'Gloria Daffner' (page 12)
scraped 'Victoria Maquinana' (page 11)
scraped 'Lorna Galang' (page 12)
scraped 'Michael Ambrose' (page 13)
finished 'Staci Carney' (page 13)
scraped 'Wendy S. Beck' (page 13)
scraped 'Jeremy Gribler' (page 12)
scraped 'Anthony Costa' (page 13)
scraped 'Hans Evans' (page 12)
scraped 'Brian Danforth' (page 12)
scraped 'Bryan Marten' (page 11)
scraped 'Benefsha Gest' (page 12)
scraped 'Milton Axt' (page 13)
scraped 'Tom Chan' (page 13)
scraped 'Stephanie Bellville' (page 13)
scraped 'David Hathwell' (page 12)
scraped 'Thais Da Rosa' (page 13)
queue size: 73
scraped 'Katrina Rotter' (page 10)
scraped 'Dacotah Swett' (page 10)
scraped 'Anna Slavicek' (page 10)
scraped 'Elizabeth Zamboldi' (page 9)scraped 'Steve Shimmon' (page 10)

scraped 'William Steele' (page 10)
scraped 'Alexander Schwarz' (page 10)
scraped 'Mitchell Wagner' (page 10)
scraped 'Wilson Sinn' (page 10)
scraped 'Sasha Taylor-Ray' (page 10)
finished 'James Spellicy' (page 10)
scraped 'Kiyoko Takemoto' (page 10)
scraped 'Francisco Rosales' (page 10)
finished 'Sandra Shure' (page 10)scraped 'Steve Schmidt' (page 10)

scraped 'Michelle Trimble' (page 10)
scraped 'Uri Skowronski' (page 10)scraped 'Richard Shapiro' (page 10)
scraped 'Kevin Sullivan' (page 10)
scraped 'Mark Wenning' (page 10)

finished 'Julian Pollak' (page 11)finished 'Margaret Mitchell' (page 11)

scraped 'Chuck Raznikov' (page 11)
scraped 'Michele Winter' (page 10)
finished 'Christopher Newhouse' (page 11)
finished 'Christine Hosoda' (page 12)
scraped 'Ray Hill' (page 12)
scraped 'David Yuan' (page 10)
scraped 'Nahleen Pang' (page 11)
scraped 'Theodore Johnson' (page 12)
scraped 'Laura Neri' (page 11)
scraped 'Michael Prutz' (page 11)
finished 'Carolyn Nickels' (page 11)
finished 'Karl Hoffman' (page 12)
scraped 'Monty Worth' (page 10)
scraped 'Christopher Hunt' (page 12)
scraped 'Jeff Reynolds' (page 11)
scraped 'Kim Johnson' (page 12)
finished 'Mary Lynn Pinocci' (page 11)
scraped 'Victoria Maquinana' (page 12)
scraped 'Ernest Li' (page 12)
scraped 'Lyumidia Karapetyan' (page 12)
scraped 'Sharn Matusek' (page 12)
scraped 'Alice Kwong-Ballard' (page 12)
scraped 'Adam Michels' (page 11)
scraped 'Shawn Laureyns' (page 12)
scraped 'Winifred Lo' (page 12)
scraped 'Brian Danforth' (page 13)
scraped 'Patrick Fahey' (page 13)
scraped 'Bryan Marten' (page 12)
finished 'David Lipman' (page 12)
scraped 'Jerilyn Keyak' (page 12)
scraped 'Gloria Daffner' (page 13)
scraped 'Timothy Lamarre' (page 12)
scraped 'Anthony Mana' (page 12)
scraped 'Benefsha Gest' (page 13)
scraped 'Yu Li' (page 12)
scraped 'Hans Evans' (page 13)
finished 'Lorna Galang' (page 13)
finished 'Jeremy Gribler' (page 13)
scraped 'Xiaolin Chang' (page 14)
scraped 'Milton Axt' (page 14)
scraped 'Deborah Canepa-Tencza' (page 14)
scraped 'Steve Granucci' (page 13)
scraped 'Wendy S. Beck' (page 14)
scraped 'Thais Da Rosa' (page 14)scraped 'Nicole Henares' (page 13)

scraped u'Cristina Ballb\xe9' (page 14)
scraped 'David Hathwell' (page 13)
scraped 'Stephanie Bellville' (page 14)
scraped 'Anthony Costa' (page 14)
finished 'Tom Chan' (page 14)
scraped 'Michael Ambrose' (page 14)
queue size: 60
scraped 'Michele Winter' (page 11)
scraped 'Katrina Rotter' (page 11)
scraped 'Steve Shimmon' (page 11)
scraped 'Elizabeth Zamboldi' (page 10)
finished 'Dacotah Swett' (page 11)
scraped 'William Steele' (page 11)
scraped 'Sasha Taylor-Ray' (page 11)
scraped 'Alexander Schwarz' (page 11)
finished 'Uri Skowronski' (page 11)
finished 'Mitchell Wagner' (page 11)
scraped 'Monty Worth' (page 11)
scraped 'Wilson Sinn' (page 11)
finished 'Steve Schmidt' (page 11)
scraped 'Francisco Rosales' (page 11)
scraped 'Kiyoko Takemoto' (page 11)
scraped 'Kevin Sullivan' (page 11)
finished 'Michelle Trimble' (page 11)
scraped 'Richard Shapiro' (page 11)
scraped 'Mark Wenning' (page 11)
scraped 'Anna Slavicek' (page 11)
scraped 'Laura Neri' (page 12)
scraped 'Kim Johnson' (page 13)
scraped 'Christopher Hunt' (page 13)
scraped 'Winifred Lo' (page 13)
scraped 'Jerilyn Keyak' (page 13)
scraped 'Yu Li' (page 13)
scraped 'Timothy Lamarre' (page 13)
scraped 'David Yuan' (page 11)
scraped 'Jeff Reynolds' (page 12)
scraped 'Nahleen Pang' (page 12)
scraped 'Michael Prutz' (page 12)
scraped 'Theodore Johnson' (page 13)
scraped 'Lyumidia Karapetyan' (page 13)
scraped 'Anthony Mana' (page 13)
scraped 'Alice Kwong-Ballard' (page 13)
scraped 'Ernest Li' (page 13)
scraped 'Brian Danforth' (page 14)
scraped 'Sharn Matusek' (page 13)
scraped 'Chuck Raznikov' (page 12)
scraped 'Victoria Maquinana' (page 13)
scraped 'Shawn Laureyns' (page 13)
scraped 'Patrick Fahey' (page 14)
scraped 'Steve Granucci' (page 14)
scraped 'Adam Michels' (page 12)
scraped 'Ray Hill' (page 13)
scraped 'Nicole Henares' (page 14)
scraped 'Wendy S. Beck' (page 15)
scraped 'Anthony Costa' (page 15)
scraped 'Michael Ambrose' (page 15)
scraped 'Deborah Canepa-Tencza' (page 15)
scraped 'Gloria Daffner' (page 14)
scraped 'Bryan Marten' (page 13)
scraped 'David Hathwell' (page 14)
scraped 'Milton Axt' (page 15)
scraped 'Benefsha Gest' (page 14)
scraped 'Stephanie Bellville' (page 15)
scraped 'Thais Da Rosa' (page 15)
finished 'Xiaolin Chang' (page 15)
scraped u'Cristina Ballb\xe9' (page 15)
scraped 'Hans Evans' (page 14)
queue size: 54
finished 'William Steele' (page 12)
scraped 'Adam Michels' (page 13)
scraped 'Richard Shapiro' (page 12)
scraped 'Katrina Rotter' (page 12)
scraped 'Elizabeth Zamboldi' (page 11)
scraped 'Kiyoko Takemoto' (page 12)
scraped 'Nahleen Pang' (page 13)
scraped 'Mark Wenning' (page 12)
scraped 'Monty Worth' (page 12)
scraped 'Wilson Sinn' (page 12)
finished 'Laura Neri' (page 13)
scraped 'Kevin Sullivan' (page 12)
scraped 'Alexander Schwarz' (page 12)
finished 'Anna Slavicek' (page 12)
scraped 'Sasha Taylor-Ray' (page 12)
scraped 'David Yuan' (page 12)
scraped 'Steve Shimmon' (page 12)
scraped 'Francisco Rosales' (page 12)
scraped 'Michael Prutz' (page 13)
scraped 'Michele Winter' (page 12)
scraped 'Theodore Johnson' (page 14)
scraped 'Shawn Laureyns' (page 14)
scraped 'Bryan Marten' (page 14)
finished 'Gloria Daffner' (page 15)scraped 'Alice Kwong-Ballard' (page 14)

scraped 'Ernest Li' (page 14)
scraped 'Ray Hill' (page 14)scraped 'Lyumidia Karapetyan' (page 14)

scraped 'Anthony Mana' (page 14)
scraped 'Chuck Raznikov' (page 13)
finished 'Winifred Lo' (page 14)
scraped 'Kim Johnson' (page 14)
scraped 'Yu Li' (page 14)
scraped 'Brian Danforth' (page 15)
scraped 'Jeff Reynolds' (page 13)
scraped 'Timothy Lamarre' (page 14)
scraped 'Victoria Maquinana' (page 14)
scraped 'Sharn Matusek' (page 14)
scraped 'Jerilyn Keyak' (page 14)
scraped 'Christopher Hunt' (page 14)
finished 'David Hathwell' (page 15)
scraped 'Benefsha Gest' (page 15)
finished u'Cristina Ballb\xe9' (page 16)
scraped 'Michael Ambrose' (page 16)
finished 'Stephanie Bellville' (page 16)
scraped 'Hans Evans' (page 15)
scraped 'Anthony Costa' (page 16)
scraped 'Steve Granucci' (page 15)
finished 'Wendy S. Beck' (page 16)
scraped 'Patrick Fahey' (page 15)
scraped 'Milton Axt' (page 16)
scraped 'Deborah Canepa-Tencza' (page 16)
scraped 'Thais Da Rosa' (page 16)
scraped 'Nicole Henares' (page 15)
queue size: 45
scraped 'Kiyoko Takemoto' (page 13)
scraped 'Wilson Sinn' (page 13)
finished 'Adam Michels' (page 14)
scraped 'Jeff Reynolds' (page 14)
scraped 'Elizabeth Zamboldi' (page 12)
scraped 'Mark Wenning' (page 13)
scraped 'Monty Worth' (page 13)
scraped 'Richard Shapiro' (page 13)
scraped 'Michael Prutz' (page 14)
scraped 'Katrina Rotter' (page 13)
finished 'Michele Winter' (page 13)
scraped 'Nahleen Pang' (page 14)
scraped 'Kevin Sullivan' (page 13)
scraped 'Ray Hill' (page 15)
scraped 'Sasha Taylor-Ray' (page 13)
finished 'Alexander Schwarz' (page 13)
scraped 'Francisco Rosales' (page 13)
scraped 'Chuck Raznikov' (page 14)
scraped 'Steve Shimmon' (page 13)
scraped 'David Yuan' (page 13)
scraped 'Christopher Hunt' (page 15)
scraped 'Kim Johnson' (page 15)
scraped 'Yu Li' (page 15)
scraped 'Jerilyn Keyak' (page 15)
scraped 'Anthony Mana' (page 15)
scraped 'Bryan Marten' (page 15)
scraped 'Timothy Lamarre' (page 15)
finished 'Brian Danforth' (page 16)
scraped 'Patrick Fahey' (page 16)
scraped 'Steve Granucci' (page 16)
finished 'Theodore Johnson' (page 15)
finished 'Victoria Maquinana' (page 15)
scraped 'Lyumidia Karapetyan' (page 15)
scraped 'Sharn Matusek' (page 15)
finished 'Ernest Li' (page 15)
scraped 'Shawn Laureyns' (page 15)
scraped 'Hans Evans' (page 16)
scraped 'Alice Kwong-Ballard' (page 15)
scraped 'Benefsha Gest' (page 16)
scraped 'Nicole Henares' (page 16)
scraped 'Michael Ambrose' (page 17)
scraped 'Deborah Canepa-Tencza' (page 17)
scraped 'Thais Da Rosa' (page 17)
scraped 'Milton Axt' (page 17)
scraped 'Anthony Costa' (page 17)
queue size: 38
scraped 'Steve Shimmon' (page 14)
finished 'Wilson Sinn' (page 14)
scraped 'Kiyoko Takemoto' (page 14)
scraped 'Richard Shapiro' (page 14)
scraped 'Kevin Sullivan' (page 14)scraped 'Francisco Rosales' (page 14)

scraped 'Katrina Rotter' (page 14)
scraped 'Mark Wenning' (page 14)
scraped 'Elizabeth Zamboldi' (page 13)
scraped 'Sasha Taylor-Ray' (page 14)
scraped 'Monty Worth' (page 14)
scraped 'David Yuan' (page 14)
scraped 'Ray Hill' (page 16)
scraped 'Christopher Hunt' (page 16)
scraped 'Lyumidia Karapetyan' (page 16)
finished 'Michael Prutz' (page 15)
scraped 'Nahleen Pang' (page 15)
scraped 'Jeff Reynolds' (page 15)
scraped 'Chuck Raznikov' (page 15)
scraped 'Kim Johnson' (page 16)
scraped 'Yu Li' (page 16)
scraped 'Jerilyn Keyak' (page 16)
scraped 'Shawn Laureyns' (page 16)
scraped 'Timothy Lamarre' (page 16)
finished 'Bryan Marten' (page 16)
scraped 'Alice Kwong-Ballard' (page 16)
finished 'Anthony Mana' (page 16)
finished 'Hans Evans' (page 17)
scraped 'Sharn Matusek' (page 16)
scraped 'Patrick Fahey' (page 17)
scraped 'Benefsha Gest' (page 17)
finished 'Steve Granucci' (page 17)
scraped 'Michael Ambrose' (page 18)
scraped 'Thais Da Rosa' (page 18)
scraped 'Nicole Henares' (page 17)
scraped 'Deborah Canepa-Tencza' (page 18)
scraped 'Milton Axt' (page 18)
scraped 'Anthony Costa' (page 18)
queue size: 32
finished 'Elizabeth Zamboldi' (page 14)
scraped 'Richard Shapiro' (page 15)
scraped 'Mark Wenning' (page 15)
scraped 'Kevin Sullivan' (page 15)
finished 'Sasha Taylor-Ray' (page 15)
scraped 'Steve Shimmon' (page 15)
scraped 'Kiyoko Takemoto' (page 15)
scraped 'Francisco Rosales' (page 15)
scraped 'Katrina Rotter' (page 15)
scraped 'Monty Worth' (page 15)
scraped 'David Yuan' (page 15)
finished 'Chuck Raznikov' (page 16)
scraped 'Nahleen Pang' (page 16)
scraped 'Christopher Hunt' (page 17)
scraped 'Ray Hill' (page 17)
scraped 'Jeff Reynolds' (page 16)
scraped 'Kim Johnson' (page 17)
scraped 'Lyumidia Karapetyan' (page 17)
scraped 'Jerilyn Keyak' (page 17)
scraped 'Alice Kwong-Ballard' (page 17)
scraped 'Timothy Lamarre' (page 17)
finished 'Yu Li' (page 17)
scraped 'Benefsha Gest' (page 18)
scraped 'Sharn Matusek' (page 17)
scraped 'Shawn Laureyns' (page 17)
scraped 'Patrick Fahey' (page 18)
scraped 'Michael Ambrose' (page 19)
finished 'Deborah Canepa-Tencza' (page 19)
scraped 'Milton Axt' (page 19)
scraped 'Nicole Henares' (page 18)
scraped 'Anthony Costa' (page 19)
scraped 'Thais Da Rosa' (page 19)
queue size: 27
finished 'Steve Shimmon' (page 16)
finished 'Kevin Sullivan' (page 16)
scraped 'Katrina Rotter' (page 16)
finished 'Monty Worth' (page 16)
scraped 'Nahleen Pang' (page 17)
scraped 'Mark Wenning' (page 16)
finished 'Kiyoko Takemoto' (page 16)
scraped 'Richard Shapiro' (page 16)finished 'David Yuan' (page 16)

scraped 'Francisco Rosales' (page 16)
finished 'Alice Kwong-Ballard' (page 18)
scraped 'Sharn Matusek' (page 18)scraped 'Timothy Lamarre' (page 18)

scraped 'Jerilyn Keyak' (page 18)
scraped 'Ray Hill' (page 18)
scraped 'Christopher Hunt' (page 18)
finished 'Shawn Laureyns' (page 18)
scraped 'Lyumidia Karapetyan' (page 18)
scraped 'Kim Johnson' (page 18)
finished 'Anthony Costa' (page 20)
scraped 'Thais Da Rosa' (page 20)
scraped 'Patrick Fahey' (page 19)
scraped 'Nicole Henares' (page 19)scraped 'Benefsha Gest' (page 19)

scraped 'Michael Ambrose' (page 20)
scraped 'Milton Axt' (page 20)
scraped 'Jeff Reynolds' (page 17)
queue size: 19
finished 'Jeff Reynolds' (page 18)
scraped 'Mark Wenning' (page 17)
scraped 'Richard Shapiro' (page 17)
scraped 'Katrina Rotter' (page 17)
scraped 'Nahleen Pang' (page 18)
scraped 'Ray Hill' (page 19)
scraped 'Francisco Rosales' (page 17)
scraped 'Kim Johnson' (page 19)
finished 'Lyumidia Karapetyan' (page 19)
scraped 'Christopher Hunt' (page 19)
finished 'Jerilyn Keyak' (page 19)
finished 'Milton Axt' (page 21)
scraped 'Timothy Lamarre' (page 19)
scraped 'Patrick Fahey' (page 20)
scraped 'Benefsha Gest' (page 20)
finished 'Sharn Matusek' (page 19)
scraped 'Michael Ambrose' (page 21)
scraped 'Nicole Henares' (page 20)
scraped 'Thais Da Rosa' (page 21)
queue size: 14
scraped 'Richard Shapiro' (page 18)
scraped 'Christopher Hunt' (page 20)
scraped 'Ray Hill' (page 20)
scraped 'Mark Wenning' (page 18)
finished 'Timothy Lamarre' (page 20)
scraped 'Nahleen Pang' (page 19)
scraped 'Francisco Rosales' (page 18)
scraped 'Katrina Rotter' (page 18)
scraped 'Patrick Fahey' (page 21)
finished 'Kim Johnson' (page 20)
scraped 'Benefsha Gest' (page 21)
scraped 'Thais Da Rosa' (page 22)
scraped 'Michael Ambrose' (page 22)
scraped 'Nicole Henares' (page 21)
queue size: 12
finished 'Benefsha Gest' (page 22)
scraped 'Richard Shapiro' (page 19)
scraped 'Francisco Rosales' (page 19)
scraped 'Mark Wenning' (page 19)
scraped 'Nahleen Pang' (page 20)
scraped 'Christopher Hunt' (page 21)
finished 'Nicole Henares' (page 22)
scraped 'Ray Hill' (page 21)
scraped 'Katrina Rotter' (page 19)
scraped 'Patrick Fahey' (page 22)
finished 'Thais Da Rosa' (page 23)
scraped 'Michael Ambrose' (page 23)
queue size: 9
finished 'Michael Ambrose' (page 24)
scraped 'Ray Hill' (page 22)
scraped 'Richard Shapiro' (page 20)
scraped 'Mark Wenning' (page 20)
scraped 'Christopher Hunt' (page 22)
scraped 'Patrick Fahey' (page 23)
scraped 'Katrina Rotter' (page 20)
scraped 'Nahleen Pang' (page 21)
scraped 'Francisco Rosales' (page 20)
queue size: 8
scraped 'Mark Wenning' (page 21)
scraped 'Nahleen Pang' (page 22)
scraped 'Ray Hill' (page 23)
scraped 'Christopher Hunt' (page 23)
finished 'Richard Shapiro' (page 21)
scraped 'Katrina Rotter' (page 21)
scraped 'Francisco Rosales' (page 21)
scraped 'Patrick Fahey' (page 24)
queue size: 7
scraped 'Nahleen Pang' (page 23)
scraped 'Christopher Hunt' (page 24)
scraped 'Ray Hill' (page 24)
scraped 'Francisco Rosales' (page 22)
scraped 'Patrick Fahey' (page 25)
finished 'Katrina Rotter' (page 22)
scraped 'Mark Wenning' (page 22)
queue size: 6
scraped 'Ray Hill' (page 25)
scraped 'Mark Wenning' (page 23)
scraped 'Francisco Rosales' (page 23)
scraped 'Patrick Fahey' (page 26)
scraped 'Nahleen Pang' (page 24)
scraped 'Christopher Hunt' (page 25)
queue size: 6
scraped 'Nahleen Pang' (page 25)
scraped 'Ray Hill' (page 26)
scraped 'Mark Wenning' (page 24)
scraped 'Francisco Rosales' (page 24)
scraped 'Christopher Hunt' (page 26)
scraped 'Patrick Fahey' (page 27)
queue size: 6
finished 'Francisco Rosales' (page 25)
finished 'Patrick Fahey' (page 28)
scraped 'Ray Hill' (page 27)
scraped 'Nahleen Pang' (page 26)
scraped 'Christopher Hunt' (page 27)
scraped 'Mark Wenning' (page 25)
queue size: 4
scraped 'Nahleen Pang' (page 27)
scraped 'Christopher Hunt' (page 28)
scraped 'Ray Hill' (page 28)
scraped 'Mark Wenning' (page 26)
queue size: 4
scraped 'Ray Hill' (page 29)
scraped 'Christopher Hunt' (page 29)
scraped 'Nahleen Pang' (page 28)
scraped 'Mark Wenning' (page 27)
queue size: 4
finished 'Ray Hill' (page 30)
scraped 'Mark Wenning' (page 28)
scraped 'Christopher Hunt' (page 30)
scraped 'Nahleen Pang' (page 29)
queue size: 3
scraped 'Mark Wenning' (page 29)
scraped 'Christopher Hunt' (page 31)
scraped 'Nahleen Pang' (page 30)
queue size: 3
scraped 'Christopher Hunt' (page 32)
scraped 'Mark Wenning' (page 30)
scraped 'Nahleen Pang' (page 31)
queue size: 3
finished 'Mark Wenning' (page 31)
scraped 'Nahleen Pang' (page 32)
scraped 'Christopher Hunt' (page 33)
queue size: 2
scraped 'Nahleen Pang' (page 33)
scraped 'Christopher Hunt' (page 34)
queue size: 2
scraped 'Christopher Hunt' (page 35)
scraped 'Nahleen Pang' (page 34)
queue size: 2
scraped 'Christopher Hunt' (page 36)
scraped 'Nahleen Pang' (page 35)
queue size: 2
scraped 'Nahleen Pang' (page 36)
scraped 'Christopher Hunt' (page 37)
queue size: 2
scraped 'Christopher Hunt' (page 38)
scraped 'Nahleen Pang' (page 37)
queue size: 2
scraped 'Nahleen Pang' (page 38)
finished 'Christopher Hunt' (page 39)
queue size: 1
scraped 'Nahleen Pang' (page 39)
queue size: 1
scraped 'Nahleen Pang' (page 40)
queue size: 1
scraped 'Nahleen Pang' (page 41)
queue size: 1
scraped 'Nahleen Pang' (page 42)
queue size: 1
scraped 'Nahleen Pang' (page 43)
queue size: 1
scraped 'Nahleen Pang' (page 44)
queue size: 1
scraped 'Nahleen Pang' (page 45)
queue size: 1
scraped 'Nahleen Pang' (page 46)
queue size: 1
scraped 'Nahleen Pang' (page 47)
queue size: 1
scraped 'Nahleen Pang' (page 48)
queue size: 1
scraped 'Nahleen Pang' (page 49)
queue size: 1
scraped 'Nahleen Pang' (page 50)
queue size: 1
scraped 'Nahleen Pang' (page 51)
queue size: 1
scraped 'Nahleen Pang' (page 52)
queue size: 1
scraped 'Nahleen Pang' (page 53)
queue size: 1
scraped 'Nahleen Pang' (page 54)
queue size: 1
scraped 'Nahleen Pang' (page 55)
queue size: 1
scraped 'Nahleen Pang' (page 56)
queue size: 1
scraped 'Nahleen Pang' (page 57)
queue size: 1
scraped 'Nahleen Pang' (page 58)
queue size: 1
scraped 'Nahleen Pang' (page 59)
queue size: 1
scraped 'Nahleen Pang' (page 60)
queue size: 1
scraped 'Nahleen Pang' (page 61)
queue size: 1
scraped 'Nahleen Pang' (page 62)
queue size: 1
scraped 'Nahleen Pang' (page 63)
queue size: 1
scraped 'Nahleen Pang' (page 64)
queue size: 1
scraped 'Nahleen Pang' (page 65)
queue size: 1
finished 'Nahleen Pang' (page 66)
